Requirement already satisfied: fastapi==0.111.0 in ./.venv/lib/python3.12/site-packages (0.111.0)
Requirement already satisfied: uvicorn==0.24.0 in ./.venv/lib/python3.12/site-packages (from uvicorn[standard]==0.24.0) (0.24.0)
Requirement already satisfied: httpx==0.28.1 in ./.venv/lib/python3.12/site-packages (0.28.1)
Requirement already satisfied: prometheus-fastapi-instrumentator==6.0.0 in ./.venv/lib/python3.12/site-packages (6.0.0)
Requirement already satisfied: pytest==8.4.2 in ./.venv/lib/python3.12/site-packages (8.4.2)
Requirement already satisfied: numpy==1.26.4 in ./.venv/lib/python3.12/site-packages (1.26.4)
Requirement already satisfied: starlette<0.38.0,>=0.37.2 in ./.venv/lib/python3.12/site-packages (from fastapi==0.111.0) (0.37.2)
Requirement already satisfied: pydantic!=1.8,!=1.8.1,!=2.0.0,!=2.0.1,!=2.1.0,<3.0.0,>=1.7.4 in ./.venv/lib/python3.12/site-packages (from fastapi==0.111.0) (2.13.2)
Requirement already satisfied: typing-extensions>=4.8.0 in ./.venv/lib/python3.12/site-packages (from fastapi==0.111.0) (4.15.0)
Requirement already satisfied: fastapi-cli>=0.0.2 in ./.venv/lib/python3.12/site-packages (from fastapi==0.111.0) (0.0.24)
Requirement already satisfied: jinja2>=2.11.2 in ./.venv/lib/python3.12/site-packages (from fastapi==0.111.0) (3.1.6)
Requirement already satisfied: python-multipart>=0.0.7 in ./.venv/lib/python3.12/site-packages (from fastapi==0.111.0) (0.0.26)
Requirement already satisfied: ujson!=4.0.2,!=4.1.0,!=4.2.0,!=4.3.0,!=5.0.0,!=5.1.0,>=4.0.1 in ./.venv/lib/python3.12/site-packages (from fastapi==0.111.0) (5.12.0)
Requirement already satisfied: orjson>=3.2.1 in ./.venv/lib/python3.12/site-packages (from fastapi==0.111.0) (3.11.8)
Requirement already satisfied: email_validator>=2.0.0 in ./.venv/lib/python3.12/site-packages (from fastapi==0.111.0) (2.3.0)
Requirement already satisfied: click>=7.0 in ./.venv/lib/python3.12/site-packages (from uvicorn==0.24.0->uvicorn[standard]==0.24.0) (8.3.2)
Requirement already satisfied: h11>=0.8 in ./.venv/lib/python3.12/site-packages (from uvicorn==0.24.0->uvicorn[standard]==0.24.0) (0.16.0)
Requirement already satisfied: anyio in ./.venv/lib/python3.12/site-packages (from httpx==0.28.1) (4.13.0)
Requirement already satisfied: certifi in ./.venv/lib/python3.12/site-packages (from httpx==0.28.1) (2026.2.25)
Requirement already satisfied: httpcore==1.* in ./.venv/lib/python3.12/site-packages (from httpx==0.28.1) (1.0.9)
Requirement already satisfied: idna in ./.venv/lib/python3.12/site-packages (from httpx==0.28.1) (3.11)
Requirement already satisfied: prometheus-client<1.0.0,>=0.8.0 in ./.venv/lib/python3.12/site-packages (from prometheus-fastapi-instrumentator==6.0.0) (0.25.0)
Requirement already satisfied: iniconfig>=1 in ./.venv/lib/python3.12/site-packages (from pytest==8.4.2) (2.3.0)
Requirement already satisfied: packaging>=20 in ./.venv/lib/python3.12/site-packages (from pytest==8.4.2) (26.1)
Requirement already satisfied: pluggy<2,>=1.5 in ./.venv/lib/python3.12/site-packages (from pytest==8.4.2) (1.6.0)
Requirement already satisfied: pygments>=2.7.2 in ./.venv/lib/python3.12/site-packages (from pytest==8.4.2) (2.20.0)
Requirement already satisfied: httptools>=0.5.0 in ./.venv/lib/python3.12/site-packages (from uvicorn[standard]==0.24.0) (0.7.1)
Requirement already satisfied: python-dotenv>=0.13 in ./.venv/lib/python3.12/site-packages (from uvicorn[standard]==0.24.0) (1.2.2)
Requirement already satisfied: pyyaml>=5.1 in ./.venv/lib/python3.12/site-packages (from uvicorn[standard]==0.24.0) (6.0.3)
Requirement already satisfied: uvloop!=0.15.0,!=0.15.1,>=0.14.0 in ./.venv/lib/python3.12/site-packages (from uvicorn[standard]==0.24.0) (0.22.1)
Requirement already satisfied: watchfiles>=0.13 in ./.venv/lib/python3.12/site-packages (from uvicorn[standard]==0.24.0) (1.1.1)
Requirement already satisfied: websockets>=10.4 in ./.venv/lib/python3.12/site-packages (from uvicorn[standard]==0.24.0) (16.0)
Requirement already satisfied: annotated-types>=0.6.0 in ./.venv/lib/python3.12/site-packages (from pydantic!=1.8,!=1.8.1,!=2.0.0,!=2.0.1,!=2.1.0,<3.0.0,>=1.7.4->fastapi==0.111.0) (0.7.0)
Requirement already satisfied: pydantic-core==2.46.2 in ./.venv/lib/python3.12/site-packages (from pydantic!=1.8,!=1.8.1,!=2.0.0,!=2.0.1,!=2.1.0,<3.0.0,>=1.7.4->fastapi==0.111.0) (2.46.2)
Requirement already satisfied: typing-inspection>=0.4.2 in ./.venv/lib/python3.12/site-packages (from pydantic!=1.8,!=1.8.1,!=2.0.0,!=2.0.1,!=2.1.0,<3.0.0,>=1.7.4->fastapi==0.111.0) (0.4.2)
Requirement already satisfied: dnspython>=2.0.0 in ./.venv/lib/python3.12/site-packages (from email_validator>=2.0.0->fastapi==0.111.0) (2.8.0)
Requirement already satisfied: typer>=0.16.0 in ./.venv/lib/python3.12/site-packages (from fastapi-cli>=0.0.2->fastapi==0.111.0) (0.24.1)
Requirement already satisfied: rich-toolkit>=0.14.8 in ./.venv/lib/python3.12/site-packages (from fastapi-cli>=0.0.2->fastapi==0.111.0) (0.19.7)
Requirement already satisfied: MarkupSafe>=2.0 in ./.venv/lib/python3.12/site-packages (from jinja2>=2.11.2->fastapi==0.111.0) (3.0.3)
Requirement already satisfied: rich>=13.7.1 in ./.venv/lib/python3.12/site-packages (from rich-toolkit>=0.14.8->fastapi-cli>=0.0.2->fastapi==0.111.0) (15.0.0)
Requirement already satisfied: markdown-it-py>=2.2.0 in ./.venv/lib/python3.12/site-packages (from rich>=13.7.1->rich-toolkit>=0.14.8->fastapi-cli>=0.0.2->fastapi==0.111.0) (4.0.0)
Requirement already satisfied: mdurl~=0.1 in ./.venv/lib/python3.12/site-packages (from markdown-it-py>=2.2.0->rich>=13.7.1->rich-toolkit>=0.14.8->fastapi-cli>=0.0.2->fastapi==0.111.0) (0.1.2)
Requirement already satisfied: shellingham>=1.3.0 in ./.venv/lib/python3.12/site-packages (from typer>=0.16.0->fastapi-cli>=0.0.2->fastapi==0.111.0) (1.5.4)
Requirement already satisfied: annotated-doc>=0.0.2 in ./.venv/lib/python3.12/site-packages (from typer>=0.16.0->fastapi-cli>=0.0.2->fastapi==0.111.0) (0.0.4)
